CRITICAL - 2025-11-27 12:10:21 --> Creation of dynamic property CodeIgniter\Autoloader\Autoloader::$session is deprecated
in APPPATH\Controllers\Dataview.php on line 8.
 1 APPPATH\Controllers\Dataview.php(8): CodeIgniter\Debug\Exceptions->errorHandler(8192, 'Creation of dynamic property CodeIgniter\\Autoloader\\Autoloader::$session is deprecated', 'APPPATH\\Controllers\\Dataview.php', 8)
 2 SYSTEMPATH\Autoloader\Autoloader.php(312): include_once('APPPATH\\Controllers\\Dataview.php')
 3 SYSTEMPATH\Autoloader\Autoloader.php(289): CodeIgniter\Autoloader\Autoloader->includeFile('APPPATH\\Controllers\\Dataview.php')
 4 SYSTEMPATH\Autoloader\Autoloader.php(267): CodeIgniter\Autoloader\Autoloader->loadInNamespace('App\\Controllers\\Dataview')
 5 [internal function]: CodeIgniter\Autoloader\Autoloader->loadClass('App\\Controllers\\Dataview')
 6 SYSTEMPATH\CodeIgniter.php(892): class_exists('\\App\\Controllers\\Dataview', true)
 7 SYSTEMPATH\CodeIgniter.php(486): CodeIgniter\CodeIgniter->startController()
 8 SYSTEMPATH\CodeIgniter.php(368): CodeIgniter\CodeIgniter->handleRequest(null, Object(Config\Cache), false)
 9 FCPATH\index.php(67): CodeIgniter\CodeIgniter->run()
CRITICAL - 2025-11-27 12:12:09 --> Creation of dynamic property CodeIgniter\Autoloader\Autoloader::$session is deprecated
in APPPATH\Controllers\Dataview.php on line 8.
 1 APPPATH\Controllers\Dataview.php(8): CodeIgniter\Debug\Exceptions->errorHandler(8192, 'Creation of dynamic property CodeIgniter\\Autoloader\\Autoloader::$session is deprecated', 'APPPATH\\Controllers\\Dataview.php', 8)
 2 SYSTEMPATH\Autoloader\Autoloader.php(312): include_once('APPPATH\\Controllers\\Dataview.php')
 3 SYSTEMPATH\Autoloader\Autoloader.php(289): CodeIgniter\Autoloader\Autoloader->includeFile('APPPATH\\Controllers\\Dataview.php')
 4 SYSTEMPATH\Autoloader\Autoloader.php(267): CodeIgniter\Autoloader\Autoloader->loadInNamespace('App\\Controllers\\Dataview')
 5 [internal function]: CodeIgniter\Autoloader\Autoloader->loadClass('App\\Controllers\\Dataview')
 6 SYSTEMPATH\CodeIgniter.php(892): class_exists('\\App\\Controllers\\Dataview', true)
 7 SYSTEMPATH\CodeIgniter.php(486): CodeIgniter\CodeIgniter->startController()
 8 SYSTEMPATH\CodeIgniter.php(368): CodeIgniter\CodeIgniter->handleRequest(null, Object(Config\Cache), false)
 9 FCPATH\index.php(67): CodeIgniter\CodeIgniter->run()
CRITICAL - 2025-11-27 12:13:20 --> Creation of dynamic property CodeIgniter\Autoloader\Autoloader::$session is deprecated
in APPPATH\Controllers\Dataview.php on line 8.
 1 APPPATH\Controllers\Dataview.php(8): CodeIgniter\Debug\Exceptions->errorHandler(8192, 'Creation of dynamic property CodeIgniter\\Autoloader\\Autoloader::$session is deprecated', 'APPPATH\\Controllers\\Dataview.php', 8)
 2 SYSTEMPATH\Autoloader\Autoloader.php(312): include_once('APPPATH\\Controllers\\Dataview.php')
 3 SYSTEMPATH\Autoloader\Autoloader.php(289): CodeIgniter\Autoloader\Autoloader->includeFile('APPPATH\\Controllers\\Dataview.php')
 4 SYSTEMPATH\Autoloader\Autoloader.php(267): CodeIgniter\Autoloader\Autoloader->loadInNamespace('App\\Controllers\\Dataview')
 5 [internal function]: CodeIgniter\Autoloader\Autoloader->loadClass('App\\Controllers\\Dataview')
 6 SYSTEMPATH\CodeIgniter.php(892): class_exists('\\App\\Controllers\\Dataview', true)
 7 SYSTEMPATH\CodeIgniter.php(486): CodeIgniter\CodeIgniter->startController()
 8 SYSTEMPATH\CodeIgniter.php(368): CodeIgniter\CodeIgniter->handleRequest(null, Object(Config\Cache), false)
 9 FCPATH\index.php(67): CodeIgniter\CodeIgniter->run()
CRITICAL - 2025-11-27 12:13:21 --> Creation of dynamic property CodeIgniter\Autoloader\Autoloader::$session is deprecated
in APPPATH\Controllers\Dataview.php on line 8.
 1 APPPATH\Controllers\Dataview.php(8): CodeIgniter\Debug\Exceptions->errorHandler(8192, 'Creation of dynamic property CodeIgniter\\Autoloader\\Autoloader::$session is deprecated', 'APPPATH\\Controllers\\Dataview.php', 8)
 2 SYSTEMPATH\Autoloader\Autoloader.php(312): include_once('APPPATH\\Controllers\\Dataview.php')
 3 SYSTEMPATH\Autoloader\Autoloader.php(289): CodeIgniter\Autoloader\Autoloader->includeFile('APPPATH\\Controllers\\Dataview.php')
 4 SYSTEMPATH\Autoloader\Autoloader.php(267): CodeIgniter\Autoloader\Autoloader->loadInNamespace('App\\Controllers\\Dataview')
 5 [internal function]: CodeIgniter\Autoloader\Autoloader->loadClass('App\\Controllers\\Dataview')
 6 SYSTEMPATH\CodeIgniter.php(892): class_exists('\\App\\Controllers\\Dataview', true)
 7 SYSTEMPATH\CodeIgniter.php(486): CodeIgniter\CodeIgniter->startController()
 8 SYSTEMPATH\CodeIgniter.php(368): CodeIgniter\CodeIgniter->handleRequest(null, Object(Config\Cache), false)
 9 FCPATH\index.php(67): CodeIgniter\CodeIgniter->run()
CRITICAL - 2025-11-27 12:14:00 --> ini_set(): Session ini settings cannot be changed after headers have already been sent
in SYSTEMPATH\Session\Handlers\FileHandler.php on line 72.
 1 [internal function]: CodeIgniter\Debug\Exceptions->errorHandler(2, 'ini_set(): Session ini settings cannot be changed after headers have already been sent', 'SYSTEMPATH\\Session\\Handlers\\FileHandler.php', 72)
 2 SYSTEMPATH\Session\Handlers\FileHandler.php(72): ini_set('session.save_path', 'ROOTPATH\\writable\\session')
 3 SYSTEMPATH\Config\Services.php(667): CodeIgniter\Session\Handlers\FileHandler->__construct(Object(Config\App), '::1')
 4 SYSTEMPATH\Config\BaseService.php(252): CodeIgniter\Config\Services::session(Object(Config\App), false)
 5 SYSTEMPATH\Config\BaseService.php(193): CodeIgniter\Config\BaseService::__callStatic('session', [...])
 6 SYSTEMPATH\Config\Services.php(641): CodeIgniter\Config\BaseService::getSharedInstance('session', null)
 7 SYSTEMPATH\Config\BaseService.php(252): CodeIgniter\Config\Services::session()
 8 APPPATH\Controllers\Dataview.php(8): CodeIgniter\Config\BaseService::__callStatic('session', [])
 9 SYSTEMPATH\Autoloader\Autoloader.php(312): include_once('APPPATH\\Controllers\\Dataview.php')
10 SYSTEMPATH\Autoloader\Autoloader.php(289): CodeIgniter\Autoloader\Autoloader->includeFile('APPPATH\\Controllers\\Dataview.php')
11 SYSTEMPATH\Autoloader\Autoloader.php(267): CodeIgniter\Autoloader\Autoloader->loadInNamespace('App\\Controllers\\Dataview')
12 [internal function]: CodeIgniter\Autoloader\Autoloader->loadClass('App\\Controllers\\Dataview')
13 SYSTEMPATH\CodeIgniter.php(892): class_exists('\\App\\Controllers\\Dataview', true)
14 SYSTEMPATH\CodeIgniter.php(486): CodeIgniter\CodeIgniter->startController()
15 SYSTEMPATH\CodeIgniter.php(368): CodeIgniter\CodeIgniter->handleRequest(null, Object(Config\Cache), false)
16 FCPATH\index.php(67): CodeIgniter\CodeIgniter->run()
